<?xml version="1.0" encoding="UTF-8"?>
<testsuite xmlns:xsi="http://www.w3.org/2001/XMLSchema-instance" xsi:noNamespaceSchemaLocation="https://maven.apache.org/surefire/maven-surefire-plugin/xsd/surefire-test-report-3.0.xsd" version="3.0" name="TestSuite" time="37.31" tests="4" errors="0" skipped="0" failures="0">
  <properties>
    <property name="sun.desktop" value="windows"/>
    <property name="awt.toolkit" value="sun.awt.windows.WToolkit"/>
    <property name="file.encoding.pkg" value="sun.io"/>
    <property name="java.specification.version" value="1.8"/>
    <property name="webdriver.chrome.driver" value="C:\Users\vdhage\.cache\selenium\chromedriver\win32\93.0.4577.63\chromedriver.exe"/>
    <property name="sun.cpu.isalist" value="amd64"/>
    <property name="sun.jnu.encoding" value="Cp1252"/>
    <property name="java.class.path" value="C:\Users\vdhage\eclipse-workspace\IndividualE2EProject\target\test-classes;C:\Users\vdhage\eclipse-workspace\IndividualE2EProject\target\classes;C:\Users\vdhage\.m2\repository\org\apache\logging\log4j\log4j-api\2.14.1\log4j-api-2.14.1.jar;C:\Users\vdhage\.m2\repository\org\apache\logging\log4j\log4j-core\2.14.1\log4j-core-2.14.1.jar;C:\Users\vdhage\.m2\repository\org\testng\testng\7.4.0\testng-7.4.0.jar;C:\Users\vdhage\.m2\repository\com\beust\jcommander\1.78\jcommander-1.78.jar;C:\Users\vdhage\.m2\repository\org\webjars\jquery\3.5.1\jquery-3.5.1.jar;C:\Users\vdhage\.m2\repository\org\seleniumhq\selenium\selenium-java\4.0.0-rc-1\selenium-java-4.0.0-rc-1.jar;C:\Users\vdhage\.m2\repository\org\seleniumhq\selenium\selenium-api\4.0.0-rc-1\selenium-api-4.0.0-rc-1.jar;C:\Users\vdhage\.m2\repository\org\seleniumhq\selenium\selenium-chrome-driver\4.0.0-rc-1\selenium-chrome-driver-4.0.0-rc-1.jar;C:\Users\vdhage\.m2\repository\com\google\auto\service\auto-service-annotations\1.0\auto-service-annotations-1.0.jar;C:\Users\vdhage\.m2\repository\com\google\auto\service\auto-service\1.0\auto-service-1.0.jar;C:\Users\vdhage\.m2\repository\com\google\auto\auto-common\1.0\auto-common-1.0.jar;C:\Users\vdhage\.m2\repository\org\seleniumhq\selenium\selenium-chromium-driver\4.0.0-rc-1\selenium-chromium-driver-4.0.0-rc-1.jar;C:\Users\vdhage\.m2\repository\org\seleniumhq\selenium\selenium-devtools\4.0.0-rc-1\selenium-devtools-4.0.0-rc-1.jar;C:\Users\vdhage\.m2\repository\org\seleniumhq\selenium\selenium-http\4.0.0-rc-1\selenium-http-4.0.0-rc-1.jar;C:\Users\vdhage\.m2\repository\org\seleniumhq\selenium\selenium-json\4.0.0-rc-1\selenium-json-4.0.0-rc-1.jar;C:\Users\vdhage\.m2\repository\org\seleniumhq\selenium\selenium-devtools-v85\4.0.0-rc-1\selenium-devtools-v85-4.0.0-rc-1.jar;C:\Users\vdhage\.m2\repository\org\seleniumhq\selenium\selenium-devtools-v92\4.0.0-rc-1\selenium-devtools-v92-4.0.0-rc-1.jar;C:\Users\vdhage\.m2\repository\org\seleniumhq\selenium\selenium-devtools-v93\4.0.0-rc-1\selenium-devtools-v93-4.0.0-rc-1.jar;C:\Users\vdhage\.m2\repository\org\seleniumhq\selenium\selenium-edge-driver\4.0.0-rc-1\selenium-edge-driver-4.0.0-rc-1.jar;C:\Users\vdhage\.m2\repository\org\seleniumhq\selenium\selenium-firefox-driver\4.0.0-rc-1\selenium-firefox-driver-4.0.0-rc-1.jar;C:\Users\vdhage\.m2\repository\org\seleniumhq\selenium\selenium-firefox-xpi-driver\4.0.0-rc-1\selenium-firefox-xpi-driver-4.0.0-rc-1.jar;C:\Users\vdhage\.m2\repository\org\seleniumhq\selenium\selenium-ie-driver\4.0.0-rc-1\selenium-ie-driver-4.0.0-rc-1.jar;C:\Users\vdhage\.m2\repository\org\seleniumhq\selenium\selenium-opera-driver\4.0.0-rc-1\selenium-opera-driver-4.0.0-rc-1.jar;C:\Users\vdhage\.m2\repository\org\seleniumhq\selenium\selenium-remote-driver\4.0.0-rc-1\selenium-remote-driver-4.0.0-rc-1.jar;C:\Users\vdhage\.m2\repository\io\netty\netty-buffer\4.1.67.Final\netty-buffer-4.1.67.Final.jar;C:\Users\vdhage\.m2\repository\io\netty\netty-codec-http\4.1.67.Final\netty-codec-http-4.1.67.Final.jar;C:\Users\vdhage\.m2\repository\io\netty\netty-codec\4.1.67.Final\netty-codec-4.1.67.Final.jar;C:\Users\vdhage\.m2\repository\io\netty\netty-handler\4.1.67.Final\netty-handler-4.1.67.Final.jar;C:\Users\vdhage\.m2\repository\io\netty\netty-common\4.1.67.Final\netty-common-4.1.67.Final.jar;C:\Users\vdhage\.m2\repository\io\netty\netty-transport-native-epoll\4.1.67.Final\netty-transport-native-epoll-4.1.67.Final.jar;C:\Users\vdhage\.m2\repository\io\netty\netty-transport-native-kqueue\4.1.67.Final\netty-transport-native-kqueue-4.1.67.Final.jar;C:\Users\vdhage\.m2\repository\io\netty\netty-transport-native-unix-common\4.1.67.Final\netty-transport-native-unix-common-4.1.67.Final.jar;C:\Users\vdhage\.m2\repository\io\netty\netty-transport\4.1.67.Final\netty-transport-4.1.67.Final.jar;C:\Users\vdhage\.m2\repository\io\netty\netty-resolver\4.1.67.Final\netty-resolver-4.1.67.Final.jar;C:\Users\vdhage\.m2\repository\io\opentelemetry\opentelemetry-api\1.5.0\opentelemetry-api-1.5.0.jar;C:\Users\vdhage\.m2\repository\io\opentelemetry\opentelemetry-context\1.5.0\opentelemetry-context-1.5.0.jar;C:\Users\vdhage\.m2\repository\io\opentelemetry\opentelemetry-exporter-logging\1.5.0\opentelemetry-exporter-logging-1.5.0.jar;C:\Users\vdhage\.m2\repository\io\opentelemetry\opentelemetry-sdk-metrics\1.5.0-alpha\opentelemetry-sdk-metrics-1.5.0-alpha.jar;C:\Users\vdhage\.m2\repository\io\opentelemetry\opentelemetry-sdk-common\1.5.0\opentelemetry-sdk-common-1.5.0.jar;C:\Users\vdhage\.m2\repository\io\opentelemetry\opentelemetry-sdk-extension-autoconfigure\1.5.0-alpha\opentelemetry-sdk-extension-autoconfigure-1.5.0-alpha.jar;C:\Users\vdhage\.m2\repository\io\opentelemetry\opentelemetry-sdk-trace\1.5.0\opentelemetry-sdk-trace-1.5.0.jar;C:\Users\vdhage\.m2\repository\io\opentelemetry\opentelemetry-api-metrics\1.5.0-alpha\opentelemetry-api-metrics-1.5.0-alpha.jar;C:\Users\vdhage\.m2\repository\io\opentelemetry\opentelemetry-sdk\1.5.0\opentelemetry-sdk-1.5.0.jar;C:\Users\vdhage\.m2\repository\io\opentelemetry\opentelemetry-semconv\1.5.0-alpha\opentelemetry-semconv-1.5.0-alpha.jar;C:\Users\vdhage\.m2\repository\io\ous\jtoml\2.0.0\jtoml-2.0.0.jar;C:\Users\vdhage\.m2\repository\net\bytebuddy\byte-buddy\1.11.13\byte-buddy-1.11.13.jar;C:\Users\vdhage\.m2\repository\org\apache\commons\commons-exec\1.3\commons-exec-1.3.jar;C:\Users\vdhage\.m2\repository\org\asynchttpclient\async-http-client\2.12.3\async-http-client-2.12.3.jar;C:\Users\vdhage\.m2\repository\org\asynchttpclient\async-http-client-netty-utils\2.12.3\async-http-client-netty-utils-2.12.3.jar;C:\Users\vdhage\.m2\repository\io\netty\netty-codec-socks\4.1.60.Final\netty-codec-socks-4.1.60.Final.jar;C:\Users\vdhage\.m2\repository\io\netty\netty-handler-proxy\4.1.60.Final\netty-handler-proxy-4.1.60.Final.jar;C:\Users\vdhage\.m2\repository\io\netty\netty-transport-native-epoll\4.1.60.Final\netty-transport-native-epoll-4.1.60.Final-linux-x86_64.jar;C:\Users\vdhage\.m2\repository\io\netty\netty-transport-native-kqueue\4.1.60.Final\netty-transport-native-kqueue-4.1.60.Final-osx-x86_64.jar;C:\Users\vdhage\.m2\repository\org\reactivestreams\reactive-streams\1.0.3\reactive-streams-1.0.3.jar;C:\Users\vdhage\.m2\repository\com\typesafe\netty\netty-reactive-streams\2.0.4\netty-reactive-streams-2.0.4.jar;C:\Users\vdhage\.m2\repository\com\sun\activation\jakarta.activation\1.2.2\jakarta.activation-1.2.2.jar;C:\Users\vdhage\.m2\repository\org\seleniumhq\selenium\selenium-safari-driver\4.0.0-rc-1\selenium-safari-driver-4.0.0-rc-1.jar;C:\Users\vdhage\.m2\repository\org\seleniumhq\selenium\selenium-support\4.0.0-rc-1\selenium-support-4.0.0-rc-1.jar;C:\Users\vdhage\.m2\repository\io\github\bonigarcia\webdrivermanager\5.0.1\webdrivermanager-5.0.1.jar;C:\Users\vdhage\.m2\repository\org\slf4j\slf4j-api\1.7.32\slf4j-api-1.7.32.jar;C:\Users\vdhage\.m2\repository\com\google\code\gson\gson\2.8.8\gson-2.8.8.jar;C:\Users\vdhage\.m2\repository\org\jsoup\jsoup\1.14.2\jsoup-1.14.2.jar;C:\Users\vdhage\.m2\repository\com\github\docker-java\docker-java\3.2.11\docker-java-3.2.11.jar;C:\Users\vdhage\.m2\repository\com\github\docker-java\docker-java-core\3.2.11\docker-java-core-3.2.11.jar;C:\Users\vdhage\.m2\repository\com\github\docker-java\docker-java-api\3.2.11\docker-java-api-3.2.11.jar;C:\Users\vdhage\.m2\repository\com\fasterxml\jackson\core\jackson-annotations\2.10.3\jackson-annotations-2.10.3.jar;C:\Users\vdhage\.m2\repository\commons-io\commons-io\2.6\commons-io-2.6.jar;C:\Users\vdhage\.m2\repository\org\apache\commons\commons-compress\1.20\commons-compress-1.20.jar;C:\Users\vdhage\.m2\repository\commons-lang\commons-lang\2.6\commons-lang-2.6.jar;C:\Users\vdhage\.m2\repository\com\fasterxml\jackson\core\jackson-databind\2.10.3\jackson-databind-2.10.3.jar;C:\Users\vdhage\.m2\repository\com\fasterxml\jackson\core\jackson-core\2.10.3\jackson-core-2.10.3.jar;C:\Users\vdhage\.m2\repository\org\bouncycastle\bcpkix-jdk15on\1.64\bcpkix-jdk15on-1.64.jar;C:\Users\vdhage\.m2\repository\org\bouncycastle\bcprov-jdk15on\1.64\bcprov-jdk15on-1.64.jar;C:\Users\vdhage\.m2\repository\org\slf4j\jcl-over-slf4j\1.7.30\jcl-over-slf4j-1.7.30.jar;C:\Users\vdhage\.m2\repository\com\github\docker-java\docker-java-transport-httpclient5\3.2.11\docker-java-transport-httpclient5-3.2.11.jar;C:\Users\vdhage\.m2\repository\com\github\docker-java\docker-java-transport\3.2.11\docker-java-transport-3.2.11.jar;C:\Users\vdhage\.m2\repository\org\apache\httpcomponents\client5\httpclient5\5.0.3\httpclient5-5.0.3.jar;C:\Users\vdhage\.m2\repository\org\apache\httpcomponents\core5\httpcore5\5.0.2\httpcore5-5.0.2.jar;C:\Users\vdhage\.m2\repository\commons-codec\commons-codec\1.13\commons-codec-1.13.jar;C:\Users\vdhage\.m2\repository\net\java\dev\jna\jna\5.8.0\jna-5.8.0.jar;C:\Users\vdhage\.m2\repository\com\google\guava\guava\30.1.1-jre\guava-30.1.1-jre.jar;C:\Users\vdhage\.m2\repository\com\google\guava\failureaccess\1.0.1\failureaccess-1.0.1.jar;C:\Users\vdhage\.m2\repository\com\google\guava\listenablefuture\9999.0-empty-to-avoid-conflict-with-guava\listenablefuture-9999.0-empty-to-avoid-conflict-with-guava.jar;C:\Users\vdhage\.m2\repository\com\google\code\findbugs\jsr305\3.0.2\jsr305-3.0.2.jar;C:\Users\vdhage\.m2\repository\org\checkerframework\checker-qual\3.8.0\checker-qual-3.8.0.jar;C:\Users\vdhage\.m2\repository\com\google\errorprone\error_prone_annotations\2.5.1\error_prone_annotations-2.5.1.jar;C:\Users\vdhage\.m2\repository\com\google\j2objc\j2objc-annotations\1.3\j2objc-annotations-1.3.jar;C:\Users\vdhage\.m2\repository\org\brotli\dec\0.1.2\dec-0.1.2.jar;"/>
    <property name="java.vm.vendor" value="Oracle Corporation"/>
    <property name="sun.arch.data.model" value="64"/>
    <property name="user.variant" value=""/>
    <property name="java.vendor.url" value="http://java.oracle.com/"/>
    <property name="user.timezone" value="Asia/Calcutta"/>
    <property name="java.vm.specification.version" value="1.8"/>
    <property name="os.name" value="Windows 10"/>
    <property name="user.country" value="US"/>
    <property name="sun.java.launcher" value="SUN_STANDARD"/>
    <property name="sun.boot.library.path" value="C:\Program Files\Java\jdk1.8.0_281\jre\bin"/>
    <property name="sun.java.command" value="C:\Users\vdhage\AppData\Local\Temp\surefire8012747329850295772\surefirebooter2080002921692254059.jar C:\Users\vdhage\AppData\Local\Temp\surefire8012747329850295772 2021-09-29T18-12-33_083-jvmRun1 surefire1160136629619811235tmp surefire_03249231209664785461tmp"/>
    <property name="surefire.test.class.path" value="C:\Users\vdhage\eclipse-workspace\IndividualE2EProject\target\test-classes;C:\Users\vdhage\eclipse-workspace\IndividualE2EProject\target\classes;C:\Users\vdhage\.m2\repository\org\apache\logging\log4j\log4j-api\2.14.1\log4j-api-2.14.1.jar;C:\Users\vdhage\.m2\repository\org\apache\logging\log4j\log4j-core\2.14.1\log4j-core-2.14.1.jar;C:\Users\vdhage\.m2\repository\org\testng\testng\7.4.0\testng-7.4.0.jar;C:\Users\vdhage\.m2\repository\com\beust\jcommander\1.78\jcommander-1.78.jar;C:\Users\vdhage\.m2\repository\org\webjars\jquery\3.5.1\jquery-3.5.1.jar;C:\Users\vdhage\.m2\repository\org\seleniumhq\selenium\selenium-java\4.0.0-rc-1\selenium-java-4.0.0-rc-1.jar;C:\Users\vdhage\.m2\repository\org\seleniumhq\selenium\selenium-api\4.0.0-rc-1\selenium-api-4.0.0-rc-1.jar;C:\Users\vdhage\.m2\repository\org\seleniumhq\selenium\selenium-chrome-driver\4.0.0-rc-1\selenium-chrome-driver-4.0.0-rc-1.jar;C:\Users\vdhage\.m2\repository\com\google\auto\service\auto-service-annotations\1.0\auto-service-annotations-1.0.jar;C:\Users\vdhage\.m2\repository\com\google\auto\service\auto-service\1.0\auto-service-1.0.jar;C:\Users\vdhage\.m2\repository\com\google\auto\auto-common\1.0\auto-common-1.0.jar;C:\Users\vdhage\.m2\repository\org\seleniumhq\selenium\selenium-chromium-driver\4.0.0-rc-1\selenium-chromium-driver-4.0.0-rc-1.jar;C:\Users\vdhage\.m2\repository\org\seleniumhq\selenium\selenium-devtools\4.0.0-rc-1\selenium-devtools-4.0.0-rc-1.jar;C:\Users\vdhage\.m2\repository\org\seleniumhq\selenium\selenium-http\4.0.0-rc-1\selenium-http-4.0.0-rc-1.jar;C:\Users\vdhage\.m2\repository\org\seleniumhq\selenium\selenium-json\4.0.0-rc-1\selenium-json-4.0.0-rc-1.jar;C:\Users\vdhage\.m2\repository\org\seleniumhq\selenium\selenium-devtools-v85\4.0.0-rc-1\selenium-devtools-v85-4.0.0-rc-1.jar;C:\Users\vdhage\.m2\repository\org\seleniumhq\selenium\selenium-devtools-v92\4.0.0-rc-1\selenium-devtools-v92-4.0.0-rc-1.jar;C:\Users\vdhage\.m2\repository\org\seleniumhq\selenium\selenium-devtools-v93\4.0.0-rc-1\selenium-devtools-v93-4.0.0-rc-1.jar;C:\Users\vdhage\.m2\repository\org\seleniumhq\selenium\selenium-edge-driver\4.0.0-rc-1\selenium-edge-driver-4.0.0-rc-1.jar;C:\Users\vdhage\.m2\repository\org\seleniumhq\selenium\selenium-firefox-driver\4.0.0-rc-1\selenium-firefox-driver-4.0.0-rc-1.jar;C:\Users\vdhage\.m2\repository\org\seleniumhq\selenium\selenium-firefox-xpi-driver\4.0.0-rc-1\selenium-firefox-xpi-driver-4.0.0-rc-1.jar;C:\Users\vdhage\.m2\repository\org\seleniumhq\selenium\selenium-ie-driver\4.0.0-rc-1\selenium-ie-driver-4.0.0-rc-1.jar;C:\Users\vdhage\.m2\repository\org\seleniumhq\selenium\selenium-opera-driver\4.0.0-rc-1\selenium-opera-driver-4.0.0-rc-1.jar;C:\Users\vdhage\.m2\repository\org\seleniumhq\selenium\selenium-remote-driver\4.0.0-rc-1\selenium-remote-driver-4.0.0-rc-1.jar;C:\Users\vdhage\.m2\repository\io\netty\netty-buffer\4.1.67.Final\netty-buffer-4.1.67.Final.jar;C:\Users\vdhage\.m2\repository\io\netty\netty-codec-http\4.1.67.Final\netty-codec-http-4.1.67.Final.jar;C:\Users\vdhage\.m2\repository\io\netty\netty-codec\4.1.67.Final\netty-codec-4.1.67.Final.jar;C:\Users\vdhage\.m2\repository\io\netty\netty-handler\4.1.67.Final\netty-handler-4.1.67.Final.jar;C:\Users\vdhage\.m2\repository\io\netty\netty-common\4.1.67.Final\netty-common-4.1.67.Final.jar;C:\Users\vdhage\.m2\repository\io\netty\netty-transport-native-epoll\4.1.67.Final\netty-transport-native-epoll-4.1.67.Final.jar;C:\Users\vdhage\.m2\repository\io\netty\netty-transport-native-kqueue\4.1.67.Final\netty-transport-native-kqueue-4.1.67.Final.jar;C:\Users\vdhage\.m2\repository\io\netty\netty-transport-native-unix-common\4.1.67.Final\netty-transport-native-unix-common-4.1.67.Final.jar;C:\Users\vdhage\.m2\repository\io\netty\netty-transport\4.1.67.Final\netty-transport-4.1.67.Final.jar;C:\Users\vdhage\.m2\repository\io\netty\netty-resolver\4.1.67.Final\netty-resolver-4.1.67.Final.jar;C:\Users\vdhage\.m2\repository\io\opentelemetry\opentelemetry-api\1.5.0\opentelemetry-api-1.5.0.jar;C:\Users\vdhage\.m2\repository\io\opentelemetry\opentelemetry-context\1.5.0\opentelemetry-context-1.5.0.jar;C:\Users\vdhage\.m2\repository\io\opentelemetry\opentelemetry-exporter-logging\1.5.0\opentelemetry-exporter-logging-1.5.0.jar;C:\Users\vdhage\.m2\repository\io\opentelemetry\opentelemetry-sdk-metrics\1.5.0-alpha\opentelemetry-sdk-metrics-1.5.0-alpha.jar;C:\Users\vdhage\.m2\repository\io\opentelemetry\opentelemetry-sdk-common\1.5.0\opentelemetry-sdk-common-1.5.0.jar;C:\Users\vdhage\.m2\repository\io\opentelemetry\opentelemetry-sdk-extension-autoconfigure\1.5.0-alpha\opentelemetry-sdk-extension-autoconfigure-1.5.0-alpha.jar;C:\Users\vdhage\.m2\repository\io\opentelemetry\opentelemetry-sdk-trace\1.5.0\opentelemetry-sdk-trace-1.5.0.jar;C:\Users\vdhage\.m2\repository\io\opentelemetry\opentelemetry-api-metrics\1.5.0-alpha\opentelemetry-api-metrics-1.5.0-alpha.jar;C:\Users\vdhage\.m2\repository\io\opentelemetry\opentelemetry-sdk\1.5.0\opentelemetry-sdk-1.5.0.jar;C:\Users\vdhage\.m2\repository\io\opentelemetry\opentelemetry-semconv\1.5.0-alpha\opentelemetry-semconv-1.5.0-alpha.jar;C:\Users\vdhage\.m2\repository\io\ous\jtoml\2.0.0\jtoml-2.0.0.jar;C:\Users\vdhage\.m2\repository\net\bytebuddy\byte-buddy\1.11.13\byte-buddy-1.11.13.jar;C:\Users\vdhage\.m2\repository\org\apache\commons\commons-exec\1.3\commons-exec-1.3.jar;C:\Users\vdhage\.m2\repository\org\asynchttpclient\async-http-client\2.12.3\async-http-client-2.12.3.jar;C:\Users\vdhage\.m2\repository\org\asynchttpclient\async-http-client-netty-utils\2.12.3\async-http-client-netty-utils-2.12.3.jar;C:\Users\vdhage\.m2\repository\io\netty\netty-codec-socks\4.1.60.Final\netty-codec-socks-4.1.60.Final.jar;C:\Users\vdhage\.m2\repository\io\netty\netty-handler-proxy\4.1.60.Final\netty-handler-proxy-4.1.60.Final.jar;C:\Users\vdhage\.m2\repository\io\netty\netty-transport-native-epoll\4.1.60.Final\netty-transport-native-epoll-4.1.60.Final-linux-x86_64.jar;C:\Users\vdhage\.m2\repository\io\netty\netty-transport-native-kqueue\4.1.60.Final\netty-transport-native-kqueue-4.1.60.Final-osx-x86_64.jar;C:\Users\vdhage\.m2\repository\org\reactivestreams\reactive-streams\1.0.3\reactive-streams-1.0.3.jar;C:\Users\vdhage\.m2\repository\com\typesafe\netty\netty-reactive-streams\2.0.4\netty-reactive-streams-2.0.4.jar;C:\Users\vdhage\.m2\repository\com\sun\activation\jakarta.activation\1.2.2\jakarta.activation-1.2.2.jar;C:\Users\vdhage\.m2\repository\org\seleniumhq\selenium\selenium-safari-driver\4.0.0-rc-1\selenium-safari-driver-4.0.0-rc-1.jar;C:\Users\vdhage\.m2\repository\org\seleniumhq\selenium\selenium-support\4.0.0-rc-1\selenium-support-4.0.0-rc-1.jar;C:\Users\vdhage\.m2\repository\io\github\bonigarcia\webdrivermanager\5.0.1\webdrivermanager-5.0.1.jar;C:\Users\vdhage\.m2\repository\org\slf4j\slf4j-api\1.7.32\slf4j-api-1.7.32.jar;C:\Users\vdhage\.m2\repository\com\google\code\gson\gson\2.8.8\gson-2.8.8.jar;C:\Users\vdhage\.m2\repository\org\jsoup\jsoup\1.14.2\jsoup-1.14.2.jar;C:\Users\vdhage\.m2\repository\com\github\docker-java\docker-java\3.2.11\docker-java-3.2.11.jar;C:\Users\vdhage\.m2\repository\com\github\docker-java\docker-java-core\3.2.11\docker-java-core-3.2.11.jar;C:\Users\vdhage\.m2\repository\com\github\docker-java\docker-java-api\3.2.11\docker-java-api-3.2.11.jar;C:\Users\vdhage\.m2\repository\com\fasterxml\jackson\core\jackson-annotations\2.10.3\jackson-annotations-2.10.3.jar;C:\Users\vdhage\.m2\repository\commons-io\commons-io\2.6\commons-io-2.6.jar;C:\Users\vdhage\.m2\repository\org\apache\commons\commons-compress\1.20\commons-compress-1.20.jar;C:\Users\vdhage\.m2\repository\commons-lang\commons-lang\2.6\commons-lang-2.6.jar;C:\Users\vdhage\.m2\repository\com\fasterxml\jackson\core\jackson-databind\2.10.3\jackson-databind-2.10.3.jar;C:\Users\vdhage\.m2\repository\com\fasterxml\jackson\core\jackson-core\2.10.3\jackson-core-2.10.3.jar;C:\Users\vdhage\.m2\repository\org\bouncycastle\bcpkix-jdk15on\1.64\bcpkix-jdk15on-1.64.jar;C:\Users\vdhage\.m2\repository\org\bouncycastle\bcprov-jdk15on\1.64\bcprov-jdk15on-1.64.jar;C:\Users\vdhage\.m2\repository\org\slf4j\jcl-over-slf4j\1.7.30\jcl-over-slf4j-1.7.30.jar;C:\Users\vdhage\.m2\repository\com\github\docker-java\docker-java-transport-httpclient5\3.2.11\docker-java-transport-httpclient5-3.2.11.jar;C:\Users\vdhage\.m2\repository\com\github\docker-java\docker-java-transport\3.2.11\docker-java-transport-3.2.11.jar;C:\Users\vdhage\.m2\repository\org\apache\httpcomponents\client5\httpclient5\5.0.3\httpclient5-5.0.3.jar;C:\Users\vdhage\.m2\repository\org\apache\httpcomponents\core5\httpcore5\5.0.2\httpcore5-5.0.2.jar;C:\Users\vdhage\.m2\repository\commons-codec\commons-codec\1.13\commons-codec-1.13.jar;C:\Users\vdhage\.m2\repository\net\java\dev\jna\jna\5.8.0\jna-5.8.0.jar;C:\Users\vdhage\.m2\repository\com\google\guava\guava\30.1.1-jre\guava-30.1.1-jre.jar;C:\Users\vdhage\.m2\repository\com\google\guava\failureaccess\1.0.1\failureaccess-1.0.1.jar;C:\Users\vdhage\.m2\repository\com\google\guava\listenablefuture\9999.0-empty-to-avoid-conflict-with-guava\listenablefuture-9999.0-empty-to-avoid-conflict-with-guava.jar;C:\Users\vdhage\.m2\repository\com\google\code\findbugs\jsr305\3.0.2\jsr305-3.0.2.jar;C:\Users\vdhage\.m2\repository\org\checkerframework\checker-qual\3.8.0\checker-qual-3.8.0.jar;C:\Users\vdhage\.m2\repository\com\google\errorprone\error_prone_annotations\2.5.1\error_prone_annotations-2.5.1.jar;C:\Users\vdhage\.m2\repository\com\google\j2objc\j2objc-annotations\1.3\j2objc-annotations-1.3.jar;C:\Users\vdhage\.m2\repository\org\brotli\dec\0.1.2\dec-0.1.2.jar;"/>
    <property name="sun.cpu.endian" value="little"/>
    <property name="user.home" value="C:\Users\vdhage"/>
    <property name="user.language" value="en"/>
    <property name="java.specification.vendor" value="Oracle Corporation"/>
    <property name="java.home" value="C:\Program Files\Java\jdk1.8.0_281\jre"/>
    <property name="basedir" value="C:\Users\vdhage\eclipse-workspace\IndividualE2EProject"/>
    <property name="file.separator" value="\"/>
    <property name="line.separator" value="&#10;"/>
    <property name="java.vm.specification.vendor" value="Oracle Corporation"/>
    <property name="java.specification.name" value="Java Platform API Specification"/>
    <property name="java.awt.graphicsenv" value="sun.awt.Win32GraphicsEnvironment"/>
    <property name="surefire.real.class.path" value="C:\Users\vdhage\AppData\Local\Temp\surefire8012747329850295772\surefirebooter2080002921692254059.jar"/>
    <property name="sun.boot.class.path" value="C:\Program Files\Java\jdk1.8.0_281\jre\lib\resources.jar;C:\Program Files\Java\jdk1.8.0_281\jre\lib\rt.jar;C:\Program Files\Java\jdk1.8.0_281\jre\lib\sunrsasign.jar;C:\Program Files\Java\jdk1.8.0_281\jre\lib\jsse.jar;C:\Program Files\Java\jdk1.8.0_281\jre\lib\jce.jar;C:\Program Files\Java\jdk1.8.0_281\jre\lib\charsets.jar;C:\Program Files\Java\jdk1.8.0_281\jre\lib\jfr.jar;C:\Program Files\Java\jdk1.8.0_281\jre\classes"/>
    <property name="user.script" value=""/>
    <property name="sun.management.compiler" value="HotSpot 64-Bit Tiered Compilers"/>
    <property name="java.runtime.version" value="1.8.0_281-b09"/>
    <property name="user.name" value="vdhage"/>
    <property name="path.separator" value=";"/>
    <property name="os.version" value="10.0"/>
    <property name="java.endorsed.dirs" value="C:\Program Files\Java\jdk1.8.0_281\jre\lib\endorsed"/>
    <property name="java.runtime.name" value="Java(TM) SE Runtime Environment"/>
    <property name="file.encoding" value="Cp1252"/>
    <property name="browser" value="chrome"/>
    <property name="sun.nio.ch.bugLevel" value=""/>
    <property name="java.vm.name" value="Java HotSpot(TM) 64-Bit Server VM"/>
    <property name="localRepository" value="C:\Users\vdhage\.m2\repository"/>
    <property name="java.vendor.url.bug" value="http://bugreport.sun.com/bugreport/"/>
    <property name="java.io.tmpdir" value="C:\Users\vdhage\AppData\Local\Temp\"/>
    <property name="java.version" value="1.8.0_281"/>
    <property name="user.dir" value="C:\Users\vdhage\eclipse-workspace\IndividualE2EProject"/>
    <property name="os.arch" value="amd64"/>
    <property name="java.vm.specification.name" value="Java Virtual Machine Specification"/>
    <property name="java.awt.printerjob" value="sun.awt.windows.WPrinterJob"/>
    <property name="sun.os.patch.level" value=""/>
    <property name="java.library.path" value="C:\Program Files\Java\jdk1.8.0_281\jre\bin;C:\Windows\Sun\Java\bin;C:\Windows\system32;C:\Windows;C:/Users/vdhage/.p2/pool/plugins/org.eclipse.justj.openjdk.hotspot.jre.full.win32.x86_64_16.0.2.v20210721-1149/jre/bin/server;C:/Users/vdhage/.p2/pool/plugins/org.eclipse.justj.openjdk.hotspot.jre.full.win32.x86_64_16.0.2.v20210721-1149/jre/bin;C:\Program Files (x86)\Common Files\Oracle\Java\javapath;C:\Windows\system32;C:\Windows;C:\Windows\System32\Wbem;C:\Windows\System32\WindowsPowerShell\v1.0\;C:\Windows\System32\OpenSSH\;C:\Program Files (x86)\NVIDIA Corporation\PhysX\Common;C:\Program Files\Microsoft SQL Server\Client SDK\ODBC\110\Tools\Binn\;C:\Program Files (x86)\Microsoft SQL Server\120\Tools\Binn\;C:\Program Files\Microsoft SQL Server\120\Tools\Binn\;C:\Program Files\Microsoft SQL Server\120\DTS\Binn\;C:\Program Files (x86)\Microsoft SQL Server\120\Tools\Binn\ManagementStudio\;C:\Program Files (x86)\Microsoft SQL Server\120\DTS\Binn\;C:\Program Files\TortoiseSVN\bin;C:\Program Files\Java\jdk1.8.0_281\bin;C:\Program Files\apache-maven-3.6.2-bin\apache-maven-3.6.2\bin;C:\Program Files\Git\cmd;C:\Users\vdhage\AppData\Local\Microsoft\WindowsApps;;C:\Program Files\JetBrains\IntelliJ IDEA Community Edition 2021.1\bin;;C:\Windows\System32;;."/>
    <property name="java.vm.info" value="mixed mode"/>
    <property name="java.vendor" value="Oracle Corporation"/>
    <property name="java.vm.version" value="25.281-b09"/>
    <property name="java.ext.dirs" value="C:\Program Files\Java\jdk1.8.0_281\jre\lib\ext;C:\Windows\Sun\Java\lib\ext"/>
    <property name="sun.io.unicode.encoding" value="UnicodeLittle"/>
    <property name="java.class.version" value="52.0"/>
  </properties>
  <testcase name="Login_PractiePage" classname="TestPage.RS_PracticeLoginPageTest" time="0.195">
    <system-err><![CDATA[SLF4J: Failed to load class "org.slf4j.impl.StaticLoggerBinder".
SLF4J: Defaulting to no-operation (NOP) logger implementation
SLF4J: See http://www.slf4j.org/codes.html#StaticLoggerBinder for further details.
Starting ChromeDriver 93.0.4577.63 (ff5c0da2ec0adeaed5550e6c7e98417dac77d98a-refs/branch-heads/4577@{#1135}) on port 18134
Only local connections are allowed.
Please see https://chromedriver.chromium.org/security-considerations for suggestions on keeping ChromeDriver safe.
ChromeDriver was started successfully.
Sep 29, 2021 6:12:40 PM org.openqa.selenium.remote.ProtocolHandshake createSession
INFO: Detected dialect: W3C
Sep 29, 2021 6:12:40 PM org.openqa.selenium.devtools.CdpVersionFinder findNearestMatch
INFO: Found exact CDP implementation for version 93
Starting ChromeDriver 93.0.4577.63 (ff5c0da2ec0adeaed5550e6c7e98417dac77d98a-refs/branch-heads/4577@{#1135}) on port 48716
Only local connections are allowed.
Please see https://chromedriver.chromium.org/security-considerations for suggestions on keeping ChromeDriver safe.
ChromeDriver was started successfully.
Sep 29, 2021 6:12:45 PM org.openqa.selenium.remote.ProtocolHandshake createSession
INFO: Detected dialect: W3C
Sep 29, 2021 6:12:45 PM org.openqa.selenium.devtools.CdpVersionFinder findNearestMatch
INFO: Found exact CDP implementation for version 93
]]></system-err>
  </testcase>
  <testcase name="verifytermsandconditionText" classname="TestPage.RS_PracticeLoginPageTest" time="0.048"/>
  <testcase name="verifyHomePage" classname="TestPage.RS_HomePageTest" time="11.127"/>
  <testcase name="clickingonLoginTab" classname="TestPage.RS_HomePageTest" time="3.466"/>
</testsuite>