<?xml version="1.0" encoding="UTF-8"?>
<!-- Generated by org.testng.reporters.JUnitReportReporter -->
<testsuite skipped="1" hostname="XIPL9394" name="TestPage.RS_OurProjectPageTest" tests="1" failures="0" timestamp="2021-10-02T15:14:14 IST" time="0.000" errors="0">
  <testcase name="verifyPractiseLink1" time="0.000" classname="TestPage.RS_OurProjectPageTest">
    <skipped/>
  </testcase> <!-- verifyPractiseLink1 -->
  <system-out/>
</testsuite> <!-- TestPage.RS_OurProjectPageTest -->
