<?xml version="1.0" encoding="UTF-8"?>
<!-- Generated by org.testng.reporters.JUnitReportReporter -->
<testsuite skipped="0" hostname="XIPL9394" name="TestPage.PracticeLoginPageTest" tests="1" failures="0" timestamp="2021-09-27T19:34:00 IST" time="0.071" errors="0">
  <testcase name="verifytermsandconditionText" time="0.071" classname="TestPage.PracticeLoginPageTest"/>
  <system-out/>
</testsuite> <!-- TestPage.PracticeLoginPageTest -->
