<?xml version="1.0" encoding="UTF-8"?>
<!-- Generated by org.testng.reporters.JUnitReportReporter -->
<testsuite skipped="0" hostname="XIPL9394" name="TestPage.RS_PracticeLoginPageTest" tests="1" failures="0" timestamp="2021-10-02T19:14:26 IST" time="0.338" errors="0">
  <testcase name="Loginto_PractiePage" time="0.338" classname="TestPage.RS_PracticeLoginPageTest"/>
  <system-out/>
</testsuite> <!-- TestPage.RS_PracticeLoginPageTest -->
