<?xml version="1.0" encoding="UTF-8"?>
<!-- Generated by org.testng.reporters.JUnitReportReporter -->
<testsuite skipped="0" hostname="XIPL9394" name="TestPage.RS_HomePageTest" tests="2" failures="0" timestamp="2021-09-26T12:16:22 IST" time="16.597" errors="0">
  <testcase name="verifyHomePage" time="7.284" classname="TestPage.RS_HomePageTest"/>
  <system-out/>
  <testcase name="clickingonLoginTab" time="9.313" classname="TestPage.RS_HomePageTest"/>
  <system-out/>
</testsuite> <!-- TestPage.RS_HomePageTest -->
