<?xml version="1.0" encoding="UTF-8"?>
<!-- Generated by org.testng.reporters.JUnitReportReporter -->
<testsuite skipped="0" hostname="XIPL9394" name="TestPage.RS_PracticeLoginPageTest" tests="1" failures="0" timestamp="2021-09-29T18:07:41 IST" time="0.068" errors="0">
  <testcase name="verifytermsandconditionText" time="0.068" classname="TestPage.RS_PracticeLoginPageTest"/>
  <system-out/>
</testsuite> <!-- TestPage.RS_PracticeLoginPageTest -->
