<?xml version="1.0" encoding="UTF-8"?>
<!-- Generated by org.testng.reporters.JUnitReportReporter -->
<testsuite hostname="LAPTOP-NNQA0V57" failures="0" tests="2" name="TestPage.RS_HomePageTest" time="33.913" errors="0" timestamp="2021-10-02T13:51:44 IST" skipped="0">
  <testcase classname="TestPage.RS_HomePageTest" name="verifyHomePage" time="30.393"/>
  <system-out/>
  <testcase classname="TestPage.RS_HomePageTest" name="clickingonLoginTab" time="3.520"/>
  <system-out/>
</testsuite> <!-- TestPage.RS_HomePageTest -->
