<?xml version="1.0" encoding="UTF-8"?>
<!-- Generated by org.testng.reporters.JUnitReportReporter -->
<testsuite skipped="0" hostname="XIPL9394" name="TestClass" tests="1" failures="0" timestamp="2021-09-21T00:15:48 IST" time="18.616" errors="0">
  <testcase name="test" time="18.616" classname="TestClass"/>
  <system-out/>
</testsuite> <!-- TestClass -->
