<?xml version="1.0" encoding="UTF-8"?>
<!-- Generated by org.testng.reporters.JUnitReportReporter -->
<testsuite skipped="0" hostname="XIPL9394" name="TestPage.RS_HomePageTest" tests="2" failures="0" timestamp="2021-09-29T18:13:11 IST" time="14.593" errors="0">
  <testcase name="verifyHomePage" time="11.127" classname="TestPage.RS_HomePageTest"/>
  <system-out/>
  <testcase name="clickingonLoginTab" time="3.466" classname="TestPage.RS_HomePageTest"/>
  <system-out/>
</testsuite> <!-- TestPage.RS_HomePageTest -->
