<?xml version="1.0" encoding="UTF-8"?>
<!-- Generated by org.testng.reporters.JUnitReportReporter -->
<testsuite skipped="0" hostname="XIPL9394" name="TestPage.RS_PracticeLoginPageTest" tests="2" failures="0" timestamp="2021-10-02T19:22:43 IST" time="0.552" errors="0">
  <testcase name="Loginto_PractiePage" time="0.480" classname="TestPage.RS_PracticeLoginPageTest"/>
  <system-out/>
  <testcase name="verifytermsandconditionText" time="0.072" classname="TestPage.RS_PracticeLoginPageTest"/>
  <system-out/>
</testsuite> <!-- TestPage.RS_PracticeLoginPageTest -->
