<?xml version="1.0" encoding="UTF-8"?>
<!-- Generated by org.testng.reporters.JUnitReportReporter -->
<testsuite skipped="0" hostname="XIPL9394" name="TestPage.RS_ProjectPageTest" tests="1" failures="0" timestamp="2021-10-02T19:22:43 IST" time="3.717" errors="0">
  <testcase name="verifyPractiseLink1" time="3.717" classname="TestPage.RS_ProjectPageTest"/>
  <system-out/>
</testsuite> <!-- TestPage.RS_ProjectPageTest -->
