<?xml version="1.0" encoding="UTF-8"?>
<!-- Generated by org.testng.reporters.JUnitReportReporter -->
<testsuite skipped="0" hostname="XIPL9394" name="TestPage.RS_HomePageTest" tests="2" failures="0" timestamp="2021-10-02T19:22:43 IST" time="10.973" errors="0">
  <testcase name="verifyHomePage" time="7.741" classname="TestPage.RS_HomePageTest"/>
  <system-out/>
  <testcase name="clickingonLoginTab" time="3.232" classname="TestPage.RS_HomePageTest"/>
  <system-out/>
</testsuite> <!-- TestPage.RS_HomePageTest -->
