<?xml version="1.0" encoding="UTF-8"?>
<!-- Generated by org.testng.reporters.JUnitReportReporter -->
<testsuite skipped="0" hostname="XIPL9394" name="TestPage.RS_PracticeLoginPageTest" tests="2" failures="0" timestamp="2021-09-29T18:13:11 IST" time="0.260" errors="0">
  <testcase name="Login_PractiePage" time="0.212" classname="TestPage.RS_PracticeLoginPageTest"/>
  <system-out/>
  <testcase name="verifytermsandconditionText" time="0.048" classname="TestPage.RS_PracticeLoginPageTest"/>
  <system-out/>
</testsuite> <!-- TestPage.RS_PracticeLoginPageTest -->
